<?xml version="1.0" encoding="UTF-8"?>
<!-- Generated by org.testng.reporters.JUnitReportReporter -->
<testsuite skipped="0" hostname="NLVRPRAAB3L886" name="mainDriver.DriverScript" tests="1" failures="0" timestamp="28 Mar 2017 07:14:32 GMT" time="101.747" errors="0">
  <testcase name="main" time="101.747" classname="mainDriver.DriverScript"/>
</testsuite> <!-- mainDriver.DriverScript -->
